2025-03-29 09:27:28,076 - opinion_mining - INFO - Received request - URL: https://www.apple.com/in/iphone/compare/?modelList=iphone-15-pro-max,iphone-15-plus, Text: ...
2025-03-29 09:27:29,105 - opinion_mining - INFO - Collecting reviews from URL: https://www.apple.com/in/iphone/compare/?modelList=iphone-15-pro-max,iphone-15-plus
2025-03-29 09:27:29,105 - opinion_mining - INFO - Using sample data for category: electronics
2025-03-29 09:27:29,105 - opinion_mining - INFO - Collected 8 reviews
2025-03-29 09:27:30,601 - opinion_mining - INFO - Processed review 1/8 - Sentiment: positive
2025-03-29 09:27:30,635 - opinion_mining - INFO - Processed review 2/8 - Sentiment: negative
2025-03-29 09:27:30,670 - opinion_mining - INFO - Processed review 3/8 - Sentiment: negative
2025-03-29 09:27:30,704 - opinion_mining - INFO - Processed review 4/8 - Sentiment: positive
2025-03-29 09:27:30,741 - opinion_mining - INFO - Processed review 5/8 - Sentiment: negative
2025-03-29 09:27:30,775 - opinion_mining - INFO - Processed review 6/8 - Sentiment: negative
2025-03-29 09:27:30,787 - opinion_mining - INFO - Processed review 7/8 - Sentiment: positive
2025-03-29 09:27:30,798 - opinion_mining - INFO - Processed review 8/8 - Sentiment: positive
2025-03-29 09:27:30,798 - opinion_mining - INFO - Successfully processed all reviews
2025-03-29 09:27:48,306 - opinion_mining - INFO - Received request - URL: , Text: bad product...
2025-03-29 09:27:48,894 - opinion_mining - INFO - Processing direct review text input
2025-03-29 09:27:48,894 - opinion_mining - INFO - Created single review from text input
2025-03-29 09:27:49,139 - opinion_mining - INFO - Processed review 1/1 - Sentiment: negative
2025-03-29 09:27:49,139 - opinion_mining - INFO - Successfully processed all reviews
2025-03-29 09:28:03,755 - opinion_mining - INFO - Received request - URL: , Text: bad  product...
2025-03-29 09:28:04,195 - opinion_mining - INFO - Processing direct review text input
2025-03-29 09:28:04,195 - opinion_mining - INFO - Created single review from text input
2025-03-29 09:28:04,206 - opinion_mining - INFO - Processed review 1/1 - Sentiment: negative
2025-03-29 09:28:04,206 - opinion_mining - INFO - Successfully processed all reviews
