2025-03-28 12:06:42,384 - opinion_mining - INFO - Using sample reviews for testing. Total reviews: 5
2025-03-28 12:07:24,433 - opinion_mining - INFO - Using sample reviews for testing. Total reviews: 5
2025-03-28 12:07:32,231 - opinion_mining - INFO - Using sample reviews for testing. Total reviews: 5
2025-03-28 12:07:48,334 - opinion_mining - INFO - Using sample reviews for testing. Total reviews: 5
2025-03-28 12:07:52,901 - opinion_mining - INFO - Using sample reviews for testing. Total reviews: 5
2025-03-28 12:08:57,932 - opinion_mining - INFO - Using sample data for category: electronics
2025-03-28 12:09:05,117 - opinion_mining - INFO - Using sample data for category: electronics
2025-03-28 12:09:16,050 - opinion_mining - INFO - Using sample data for category: electronics
2025-03-28 12:09:33,501 - opinion_mining - INFO - Using sample data for category: electronics
2025-03-28 12:09:37,950 - opinion_mining - INFO - Using sample data for category: electronics
2025-03-28 12:11:30,781 - opinion_mining - INFO - Using sample data for category: default
2025-03-28 12:12:38,276 - opinion_mining - INFO - Using sample data for category: default
2025-03-28 12:12:46,585 - opinion_mining - INFO - Using sample data for category: default
2025-03-28 12:12:52,616 - opinion_mining - INFO - Using sample data for category: default
2025-03-28 12:12:56,355 - opinion_mining - INFO - Using sample data for category: default
2025-03-28 12:14:09,516 - opinion_mining - INFO - Collecting reviews from URL: https://www.flipkart.com/apple-2025-ipad-a16-128-gb-rom-11-0-inch-wi-fi-only-pink/p/itm61ebf4be9f738?pid=TABH9YUVNFCGZH2U&lid=LSTTABH9YUVNFCGZH2UOZMGMU&marketplace=FLIPKART&store=tyy%2Fhry&spotlightTagId=default_TrendingId_tyy%2Fhry&srno=b_1_3&otracker=browse&fm=organic&iid=26b5c0c9-a447-4719-a5b3-ed529630894f.TABH9YUVNFCGZH2U.SEARCH&ppt=browse&ppn=browse&ssid=o4bktqkulc0000001743144140845
2025-03-28 12:14:09,516 - opinion_mining - INFO - Using sample data for category: default
2025-03-28 12:14:09,516 - opinion_mining - ERROR - Error processing request: 'TextProcessor' object has no attribute 'preprocess_text'
2025-03-28 12:14:18,217 - opinion_mining - INFO - Collecting reviews from URL: https://www.flipkart.com/apple-2025-ipad-a16-128-gb-rom-11-0-inch-wi-fi-only-pink/p/itm61ebf4be9f738?pid=TABH9YUVNFCGZH2U&lid=LSTTABH9YUVNFCGZH2UOZMGMU&marketplace=FLIPKART&store=tyy%2Fhry&spotlightTagId=default_TrendingId_tyy%2Fhry&srno=b_1_3&otracker=browse&fm=organic&iid=26b5c0c9-a447-4719-a5b3-ed529630894f.TABH9YUVNFCGZH2U.SEARCH&ppt=browse&ppn=browse&ssid=o4bktqkulc0000001743144140845
2025-03-28 12:14:18,217 - opinion_mining - INFO - Using sample data for category: default
2025-03-28 12:14:18,217 - opinion_mining - ERROR - Error processing request: 'TextProcessor' object has no attribute 'preprocess_text'
2025-03-28 12:14:51,269 - opinion_mining - INFO - Collecting reviews from URL: https://www.flipkart.com/apple-2025-ipad-a16-128-gb-rom-11-0-inch-wi-fi-only-pink/p/itm61ebf4be9f738?pid=TABH9YUVNFCGZH2U&lid=LSTTABH9YUVNFCGZH2UOZMGMU&marketplace=FLIPKART&store=tyy%2Fhry&spotlightTagId=default_TrendingId_tyy%2Fhry&srno=b_1_3&otracker=browse&fm=organic&iid=26b5c0c9-a447-4719-a5b3-ed529630894f.TABH9YUVNFCGZH2U.SEARCH&ppt=browse&ppn=browse&ssid=o4bktqkulc0000001743144140845
2025-03-28 12:14:51,269 - opinion_mining - INFO - Using sample data for category: default
2025-03-28 12:14:51,269 - opinion_mining - ERROR - Error processing request: 'TextProcessor' object has no attribute 'preprocess_text'
2025-03-28 12:15:43,313 - opinion_mining - INFO - Collecting reviews from URL: https://www.flipkart.com/apple-2025-ipad-a16-128-gb-rom-11-0-inch-wi-fi-only-pink/p/itm61ebf4be9f738?pid=TABH9YUVNFCGZH2U&lid=LSTTABH9YUVNFCGZH2UOZMGMU&marketplace=FLIPKART&store=tyy%2Fhry&spotlightTagId=default_TrendingId_tyy%2Fhry&srno=b_1_3&otracker=browse&fm=organic&iid=26b5c0c9-a447-4719-a5b3-ed529630894f.TABH9YUVNFCGZH2U.SEARCH&ppt=browse&ppn=browse&ssid=o4bktqkulc0000001743144140845
2025-03-28 12:15:43,313 - opinion_mining - INFO - Using sample data for category: default
2025-03-28 12:15:43,313 - opinion_mining - ERROR - Error processing request: 'TextProcessor' object has no attribute 'preprocess_text'
2025-03-28 12:16:05,197 - opinion_mining - INFO - Collecting reviews from URL: https://www.flipkart.com/apple-2025-ipad-a16-128-gb-rom-11-0-inch-wi-fi-only-pink/p/itm61ebf4be9f738?pid=TABH9YUVNFCGZH2U&lid=LSTTABH9YUVNFCGZH2UOZMGMU&marketplace=FLIPKART&store=tyy%2Fhry&spotlightTagId=default_TrendingId_tyy%2Fhry&srno=b_1_3&otracker=browse&fm=organic&iid=26b5c0c9-a447-4719-a5b3-ed529630894f.TABH9YUVNFCGZH2U.SEARCH&ppt=browse&ppn=browse&ssid=o4bktqkulc0000001743144140845
2025-03-28 12:16:05,197 - opinion_mining - INFO - Using sample data for category: default
2025-03-28 12:16:05,197 - opinion_mining - ERROR - Error processing request: 'TextProcessor' object has no attribute 'preprocess_text'
2025-03-28 12:17:12,872 - opinion_mining - INFO - Received request - URL: https://www.flipkart.com/apple-2025-ipad-a16-128-gb-rom-11-0-inch-wi-fi-only-pink/p/itm61ebf4be9f738?pid=TABH9YUVNFCGZH2U&lid=LSTTABH9YUVNFCGZH2UOZMGMU&marketplace=FLIPKART&store=tyy%2Fhry&spotlightTagId=default_TrendingId_tyy%2Fhry&srno=b_1_3&otracker=browse&fm=organic&iid=26b5c0c9-a447-4719-a5b3-ed529630894f.TABH9YUVNFCGZH2U.SEARCH&ppt=browse&ppn=browse&ssid=o4bktqkulc0000001743144140845, Text: ...
2025-03-28 12:17:13,451 - opinion_mining - INFO - Collecting reviews from URL: https://www.flipkart.com/apple-2025-ipad-a16-128-gb-rom-11-0-inch-wi-fi-only-pink/p/itm61ebf4be9f738?pid=TABH9YUVNFCGZH2U&lid=LSTTABH9YUVNFCGZH2UOZMGMU&marketplace=FLIPKART&store=tyy%2Fhry&spotlightTagId=default_TrendingId_tyy%2Fhry&srno=b_1_3&otracker=browse&fm=organic&iid=26b5c0c9-a447-4719-a5b3-ed529630894f.TABH9YUVNFCGZH2U.SEARCH&ppt=browse&ppn=browse&ssid=o4bktqkulc0000001743144140845
2025-03-28 12:17:13,451 - opinion_mining - INFO - Using sample data for category: default
2025-03-28 12:17:13,451 - opinion_mining - INFO - Collected 8 reviews
2025-03-28 12:17:14,856 - opinion_mining - INFO - Processed review 1/8 - Sentiment: positive
2025-03-28 12:17:14,939 - opinion_mining - INFO - Processed review 2/8 - Sentiment: positive
2025-03-28 12:17:14,951 - opinion_mining - INFO - Processed review 3/8 - Sentiment: neutral
2025-03-28 12:17:14,958 - opinion_mining - INFO - Processed review 4/8 - Sentiment: positive
2025-03-28 12:17:14,964 - opinion_mining - INFO - Processed review 5/8 - Sentiment: positive
2025-03-28 12:17:15,001 - opinion_mining - INFO - Processed review 6/8 - Sentiment: negative
2025-03-28 12:17:15,012 - opinion_mining - INFO - Processed review 7/8 - Sentiment: positive
2025-03-28 12:17:15,050 - opinion_mining - INFO - Processed review 8/8 - Sentiment: neutral
2025-03-28 12:17:15,050 - opinion_mining - INFO - Successfully processed all reviews
2025-03-28 12:17:15,056 - opinion_mining - ERROR - Error processing request: 'zip' is undefined
2025-03-28 12:17:15,058 - opinion_mining - ERROR - Traceback (most recent call last):
  File "/Users/rahul/Projects/Opinion Mining For Product Reviews/opinion_mining/app.py", line 131, in predict
    return render_template('predict.html', results=results)
           ^^^^^^^^^^^^^^^^^^^^^^^^^^^^^^^^^^^^^^^^^^^^^^^^
  File "/Users/rahul/Projects/Opinion Mining For Product Reviews/venv/lib/python3.11/site-packages/flask/templating.py", line 150, in render_template
    return _render(app, template, context)
           ^^^^^^^^^^^^^^^^^^^^^^^^^^^^^^^
  File "/Users/rahul/Projects/Opinion Mining For Product Reviews/venv/lib/python3.11/site-packages/flask/templating.py", line 131, in _render
    rv = template.render(context)
         ^^^^^^^^^^^^^^^^^^^^^^^^
  File "/Users/rahul/Projects/Opinion Mining For Product Reviews/venv/lib/python3.11/site-packages/jinja2/environment.py", line 1295, in render
    self.environment.handle_exception()
  File "/Users/rahul/Projects/Opinion Mining For Product Reviews/venv/lib/python3.11/site-packages/jinja2/environment.py", line 942, in handle_exception
    raise rewrite_traceback_stack(source=source)
  File "/Users/rahul/Projects/Opinion Mining For Product Reviews/opinion_mining/templates/predict.html", line 175, in top-level template code
    {% for review, sentiment in zip(results.reviews, results.sentiments) %}
    ^^^^^^^^^^^^^^^^^^^^^^^^^
  File "/Users/rahul/Projects/Opinion Mining For Product Reviews/venv/lib/python3.11/site-packages/jinja2/utils.py", line 92, in from_obj
    if hasattr(obj, "jinja_pass_arg"):
       ^^^^^^^^^^^^^^^^^^^^^^^^^^^^^^
jinja2.exceptions.UndefinedError: 'zip' is undefined

2025-03-28 12:17:54,566 - opinion_mining - INFO - Received request - URL: https://www.flipkart.com/apple-2025-ipad-a16-128-gb-rom-11-0-inch-wi-fi-only-pink/p/itm61ebf4be9f738?pid=TABH9YUVNFCGZH2U&lid=LSTTABH9YUVNFCGZH2UOZMGMU&marketplace=FLIPKART&store=tyy%2Fhry&spotlightTagId=default_TrendingId_tyy%2Fhry&srno=b_1_3&otracker=browse&fm=organic&iid=26b5c0c9-a447-4719-a5b3-ed529630894f.TABH9YUVNFCGZH2U.SEARCH&ppt=browse&ppn=browse&ssid=o4bktqkulc0000001743144140845, Text: ...
2025-03-28 12:17:54,983 - opinion_mining - INFO - Collecting reviews from URL: https://www.flipkart.com/apple-2025-ipad-a16-128-gb-rom-11-0-inch-wi-fi-only-pink/p/itm61ebf4be9f738?pid=TABH9YUVNFCGZH2U&lid=LSTTABH9YUVNFCGZH2UOZMGMU&marketplace=FLIPKART&store=tyy%2Fhry&spotlightTagId=default_TrendingId_tyy%2Fhry&srno=b_1_3&otracker=browse&fm=organic&iid=26b5c0c9-a447-4719-a5b3-ed529630894f.TABH9YUVNFCGZH2U.SEARCH&ppt=browse&ppn=browse&ssid=o4bktqkulc0000001743144140845
2025-03-28 12:17:54,983 - opinion_mining - INFO - Using sample data for category: default
2025-03-28 12:17:54,983 - opinion_mining - INFO - Collected 8 reviews
2025-03-28 12:17:54,996 - opinion_mining - INFO - Processed review 1/8 - Sentiment: positive
2025-03-28 12:17:55,009 - opinion_mining - INFO - Processed review 2/8 - Sentiment: positive
2025-03-28 12:17:55,020 - opinion_mining - INFO - Processed review 3/8 - Sentiment: neutral
2025-03-28 12:17:55,033 - opinion_mining - INFO - Processed review 4/8 - Sentiment: positive
2025-03-28 12:17:55,046 - opinion_mining - INFO - Processed review 5/8 - Sentiment: positive
2025-03-28 12:17:55,056 - opinion_mining - INFO - Processed review 6/8 - Sentiment: negative
2025-03-28 12:17:55,067 - opinion_mining - INFO - Processed review 7/8 - Sentiment: positive
2025-03-28 12:17:55,078 - opinion_mining - INFO - Processed review 8/8 - Sentiment: neutral
2025-03-28 12:17:55,078 - opinion_mining - INFO - Successfully processed all reviews
2025-03-28 12:18:17,034 - opinion_mining - INFO - Received request - URL: https://www.flipkart.com/apple-2025-ipad-a16-128-gb-rom-11-0-inch-wi-fi-only-pink/p/itm61ebf4be9f738?pid=TABH9YUVNFCGZH2U&lid=LSTTABH9YUVNFCGZH2UOZMGMU&marketplace=FLIPKART&store=tyy%2Fhry&spotlightTagId=default_TrendingId_tyy%2Fhry&srno=b_1_3&otracker=browse&fm=organic&iid=26b5c0c9-a447-4719-a5b3-ed529630894f.TABH9YUVNFCGZH2U.SEARCH&ppt=browse&ppn=browse&ssid=o4bktqkulc0000001743144140845, Text: ...
2025-03-28 12:18:17,411 - opinion_mining - INFO - Collecting reviews from URL: https://www.flipkart.com/apple-2025-ipad-a16-128-gb-rom-11-0-inch-wi-fi-only-pink/p/itm61ebf4be9f738?pid=TABH9YUVNFCGZH2U&lid=LSTTABH9YUVNFCGZH2UOZMGMU&marketplace=FLIPKART&store=tyy%2Fhry&spotlightTagId=default_TrendingId_tyy%2Fhry&srno=b_1_3&otracker=browse&fm=organic&iid=26b5c0c9-a447-4719-a5b3-ed529630894f.TABH9YUVNFCGZH2U.SEARCH&ppt=browse&ppn=browse&ssid=o4bktqkulc0000001743144140845
2025-03-28 12:18:17,411 - opinion_mining - INFO - Using sample data for category: default
2025-03-28 12:18:17,412 - opinion_mining - INFO - Collected 8 reviews
2025-03-28 12:18:17,425 - opinion_mining - INFO - Processed review 1/8 - Sentiment: positive
2025-03-28 12:18:17,438 - opinion_mining - INFO - Processed review 2/8 - Sentiment: positive
2025-03-28 12:18:17,449 - opinion_mining - INFO - Processed review 3/8 - Sentiment: neutral
2025-03-28 12:18:17,462 - opinion_mining - INFO - Processed review 4/8 - Sentiment: positive
2025-03-28 12:18:17,475 - opinion_mining - INFO - Processed review 5/8 - Sentiment: positive
2025-03-28 12:18:17,485 - opinion_mining - INFO - Processed review 6/8 - Sentiment: negative
2025-03-28 12:18:17,496 - opinion_mining - INFO - Processed review 7/8 - Sentiment: positive
2025-03-28 12:18:17,508 - opinion_mining - INFO - Processed review 8/8 - Sentiment: neutral
2025-03-28 12:18:17,508 - opinion_mining - INFO - Successfully processed all reviews
2025-03-28 12:18:55,466 - opinion_mining - INFO - Received request - URL: , Text: good product...
2025-03-28 12:18:55,925 - opinion_mining - INFO - Processing direct review text input
2025-03-28 12:18:55,925 - opinion_mining - INFO - Created single review from text input
2025-03-28 12:18:55,964 - opinion_mining - INFO - Processed review 1/1 - Sentiment: neutral
2025-03-28 12:18:55,965 - opinion_mining - INFO - Successfully processed all reviews
2025-03-28 12:19:06,321 - opinion_mining - INFO - Received request - URL: , Text: bad...
2025-03-28 12:19:06,713 - opinion_mining - INFO - Processing direct review text input
2025-03-28 12:19:06,713 - opinion_mining - INFO - Created single review from text input
2025-03-28 12:19:07,198 - opinion_mining - INFO - Processed review 1/1 - Sentiment: negative
2025-03-28 12:19:07,198 - opinion_mining - INFO - Successfully processed all reviews
2025-03-28 12:21:57,669 - opinion_mining - INFO - Received request - URL: https://www.flipkart.com/apple-2025-ipad-a16-128-gb-rom-11-0-inch-wi-fi-only-pink/p/itm61ebf4be9f738?pid=TABH9YUVNFCGZH2U&lid=LSTTABH9YUVNFCGZH2UOZMGMU&marketplace=FLIPKART&store=tyy%2Fhry&spotlightTagId=default_TrendingId_tyy%2Fhry&srno=b_1_3&otracker=browse&fm=organic&iid=26b5c0c9-a447-4719-a5b3-ed529630894f.TABH9YUVNFCGZH2U.SEARCH&ppt=browse&ppn=browse&ssid=o4bktqkulc0000001743144140845, Text: ...
2025-03-28 12:21:58,512 - opinion_mining - INFO - Collecting reviews from URL: https://www.flipkart.com/apple-2025-ipad-a16-128-gb-rom-11-0-inch-wi-fi-only-pink/p/itm61ebf4be9f738?pid=TABH9YUVNFCGZH2U&lid=LSTTABH9YUVNFCGZH2UOZMGMU&marketplace=FLIPKART&store=tyy%2Fhry&spotlightTagId=default_TrendingId_tyy%2Fhry&srno=b_1_3&otracker=browse&fm=organic&iid=26b5c0c9-a447-4719-a5b3-ed529630894f.TABH9YUVNFCGZH2U.SEARCH&ppt=browse&ppn=browse&ssid=o4bktqkulc0000001743144140845
2025-03-28 12:21:58,512 - opinion_mining - INFO - Using sample data for category: default
2025-03-28 12:21:58,512 - opinion_mining - INFO - Collected 8 reviews
2025-03-28 12:21:58,527 - opinion_mining - INFO - Processed review 1/8 - Sentiment: positive
2025-03-28 12:21:58,539 - opinion_mining - INFO - Processed review 2/8 - Sentiment: positive
2025-03-28 12:21:58,550 - opinion_mining - INFO - Processed review 3/8 - Sentiment: neutral
2025-03-28 12:21:58,563 - opinion_mining - INFO - Processed review 4/8 - Sentiment: positive
2025-03-28 12:21:58,576 - opinion_mining - INFO - Processed review 5/8 - Sentiment: positive
2025-03-28 12:21:58,586 - opinion_mining - INFO - Processed review 6/8 - Sentiment: negative
2025-03-28 12:21:58,596 - opinion_mining - INFO - Processed review 7/8 - Sentiment: positive
2025-03-28 12:21:58,609 - opinion_mining - INFO - Processed review 8/8 - Sentiment: neutral
2025-03-28 12:21:58,609 - opinion_mining - INFO - Successfully processed all reviews
2025-03-28 12:22:14,636 - opinion_mining - INFO - Received request - URL: https://www.flipkart.com/doat-premium-quality-mouse-pad-laptop-notebook-gaming-computer-non-slip-base-mousepad/p/itm65b1f793299e3?pid=ACCGCUGPHHSDGE6V&lid=LSTACCGCUGPHHSDGE6VFKB8XR&marketplace=FLIPKART&store=4rr&srno=b_1_9&otracker=hp_rich_navigation_5_1.navigationCard.RICH_NAVIGATION_Electronics~Gaming_PK7I48M403OR&otracker1=hp_rich_navigation_PINNED_neo%2Fmerchandising_NA_NAV_EXPANDABLE_navigationCard_cc_5_L1_view-all&fm=organic&iid=a7f7266f-82ce-4024-a679-69aaf5471447.ACCGCUGPHHSDGE6V.SEARCH&ppt=browse&ppn=browse&ssid=yeejgyuoa80000001743144705345, Text: ...
2025-03-28 12:22:15,198 - opinion_mining - INFO - Collecting reviews from URL: https://www.flipkart.com/doat-premium-quality-mouse-pad-laptop-notebook-gaming-computer-non-slip-base-mousepad/p/itm65b1f793299e3?pid=ACCGCUGPHHSDGE6V&lid=LSTACCGCUGPHHSDGE6VFKB8XR&marketplace=FLIPKART&store=4rr&srno=b_1_9&otracker=hp_rich_navigation_5_1.navigationCard.RICH_NAVIGATION_Electronics~Gaming_PK7I48M403OR&otracker1=hp_rich_navigation_PINNED_neo%2Fmerchandising_NA_NAV_EXPANDABLE_navigationCard_cc_5_L1_view-all&fm=organic&iid=a7f7266f-82ce-4024-a679-69aaf5471447.ACCGCUGPHHSDGE6V.SEARCH&ppt=browse&ppn=browse&ssid=yeejgyuoa80000001743144705345
2025-03-28 12:22:15,198 - opinion_mining - INFO - Using sample data for category: electronics
2025-03-28 12:22:15,198 - opinion_mining - INFO - Collected 8 reviews
2025-03-28 12:22:15,235 - opinion_mining - INFO - Processed review 1/8 - Sentiment: positive
2025-03-28 12:22:15,245 - opinion_mining - INFO - Processed review 2/8 - Sentiment: positive
2025-03-28 12:22:15,285 - opinion_mining - INFO - Processed review 3/8 - Sentiment: negative
2025-03-28 12:22:15,300 - opinion_mining - INFO - Processed review 4/8 - Sentiment: positive
2025-03-28 12:22:15,309 - opinion_mining - INFO - Processed review 5/8 - Sentiment: positive
2025-03-28 12:22:15,323 - opinion_mining - INFO - Processed review 6/8 - Sentiment: neutral
2025-03-28 12:22:15,332 - opinion_mining - INFO - Processed review 7/8 - Sentiment: negative
2025-03-28 12:22:15,344 - opinion_mining - INFO - Processed review 8/8 - Sentiment: positive
2025-03-28 12:22:15,344 - opinion_mining - INFO - Successfully processed all reviews
2025-03-28 12:26:54,507 - opinion_mining - INFO - Received request - URL: https://www.flipkart.com/apple-iphone-16-black-128-gb/p/itmb07d67f995271?pid=MOBH4DQFG8NKFRDY&lid=LSTMOBH4DQFG8NKFRDYKOOGZ6&marketplace=FLIPKART&q=apple+mobiles&store=tyy%2F4io&spotlightTagId=default_BestsellerId_tyy%2F4io&srno=s_1_5&otracker=AS_QueryStore_OrganicAutoSuggest_1_7_na_na_na&otracker1=AS_QueryStore_OrganicAutoSuggest_1_7_na_na_na&fm=search-autosuggest&iid=0dc43dc2-0aef-48ac-b32d-9a73555b6d53.MOBH4DQFG8NKFRDY.SEARCH&ppt=sp&ppn=sp&ssid=kus0tvt3740000001743144883871&qH=cb603b9543d774e1, Text: ...
2025-03-28 12:26:55,204 - opinion_mining - INFO - Collecting reviews from URL: https://www.flipkart.com/apple-iphone-16-black-128-gb/p/itmb07d67f995271?pid=MOBH4DQFG8NKFRDY&lid=LSTMOBH4DQFG8NKFRDYKOOGZ6&marketplace=FLIPKART&q=apple+mobiles&store=tyy%2F4io&spotlightTagId=default_BestsellerId_tyy%2F4io&srno=s_1_5&otracker=AS_QueryStore_OrganicAutoSuggest_1_7_na_na_na&otracker1=AS_QueryStore_OrganicAutoSuggest_1_7_na_na_na&fm=search-autosuggest&iid=0dc43dc2-0aef-48ac-b32d-9a73555b6d53.MOBH4DQFG8NKFRDY.SEARCH&ppt=sp&ppn=sp&ssid=kus0tvt3740000001743144883871&qH=cb603b9543d774e1
2025-03-28 12:26:55,204 - opinion_mining - INFO - Using sample data for category: electronics
2025-03-28 12:26:55,205 - opinion_mining - INFO - Collected 8 reviews
2025-03-28 12:26:56,812 - opinion_mining - INFO - Processed review 1/8 - Sentiment: positive
2025-03-28 12:26:56,847 - opinion_mining - INFO - Processed review 2/8 - Sentiment: negative
2025-03-28 12:26:56,884 - opinion_mining - INFO - Processed review 3/8 - Sentiment: negative
2025-03-28 12:26:56,918 - opinion_mining - INFO - Processed review 4/8 - Sentiment: positive
2025-03-28 12:26:57,015 - opinion_mining - INFO - Processed review 5/8 - Sentiment: negative
2025-03-28 12:26:57,055 - opinion_mining - INFO - Processed review 6/8 - Sentiment: negative
2025-03-28 12:26:57,068 - opinion_mining - INFO - Processed review 7/8 - Sentiment: positive
2025-03-28 12:26:57,080 - opinion_mining - INFO - Processed review 8/8 - Sentiment: positive
2025-03-28 12:26:57,080 - opinion_mining - INFO - Successfully processed all reviews
2025-03-28 12:29:03,495 - opinion_mining - INFO - Received request - URL: https://www.flipkart.com/oneplus-buds-3-tws-ear-earbuds-sliding-volume-control-49db-anc-bluetooth-gaming/p/itm3f89e2c2d7b10?pid=ACCGWVFAJHJAGHYG&lid=LSTACCGWVFAJHJAGHYGSOFNDN&marketplace=FLIPKART&q=oneplus%20buds3&sattr[]=color&st=color, Text: ...
2025-03-28 12:29:03,932 - opinion_mining - INFO - Collecting reviews from URL: https://www.flipkart.com/oneplus-buds-3-tws-ear-earbuds-sliding-volume-control-49db-anc-bluetooth-gaming/p/itm3f89e2c2d7b10?pid=ACCGWVFAJHJAGHYG&lid=LSTACCGWVFAJHJAGHYGSOFNDN&marketplace=FLIPKART&q=oneplus%20buds3&sattr[]=color&st=color
2025-03-28 12:29:03,932 - opinion_mining - INFO - Using sample data for category: default
2025-03-28 12:29:03,932 - opinion_mining - INFO - Collected 8 reviews
2025-03-28 12:29:04,092 - opinion_mining - INFO - Processed review 1/8 - Sentiment: positive
2025-03-28 12:29:04,103 - opinion_mining - INFO - Processed review 2/8 - Sentiment: positive
2025-03-28 12:29:04,276 - opinion_mining - INFO - Processed review 3/8 - Sentiment: negative
2025-03-28 12:29:04,351 - opinion_mining - INFO - Processed review 4/8 - Sentiment: positive
2025-03-28 12:29:04,361 - opinion_mining - INFO - Processed review 5/8 - Sentiment: positive
2025-03-28 12:29:04,396 - opinion_mining - INFO - Processed review 6/8 - Sentiment: negative
2025-03-28 12:29:04,430 - opinion_mining - INFO - Processed review 7/8 - Sentiment: positive
2025-03-28 12:29:04,606 - opinion_mining - INFO - Processed review 8/8 - Sentiment: negative
2025-03-28 12:29:04,606 - opinion_mining - INFO - Successfully processed all reviews
2025-03-28 12:31:04,480 - opinion_mining - INFO - Received request - URL: https://www.flipkart.com/oneplus-buds-3-tws-ear-earbuds-sliding-volume-control-49db-anc-bluetooth-gaming/p/itm3f89e2c2d7b10?pid=ACCGWVFAJHJAGHYG&lid=LSTACCGWVFAJHJAGHYGSOFNDN&marketplace=FLIPKART&q=oneplus%20buds3&sattr[]=color&st=color, Text: ...
2025-03-28 12:31:05,235 - opinion_mining - INFO - Collecting reviews from URL: https://www.flipkart.com/oneplus-buds-3-tws-ear-earbuds-sliding-volume-control-49db-anc-bluetooth-gaming/p/itm3f89e2c2d7b10?pid=ACCGWVFAJHJAGHYG&lid=LSTACCGWVFAJHJAGHYGSOFNDN&marketplace=FLIPKART&q=oneplus%20buds3&sattr[]=color&st=color
2025-03-28 12:31:05,235 - opinion_mining - INFO - Using sample data for category: default
2025-03-28 12:31:05,235 - opinion_mining - INFO - Collected 8 reviews
2025-03-28 12:31:05,247 - opinion_mining - INFO - Processed review 1/8 - Sentiment: positive
2025-03-28 12:31:05,257 - opinion_mining - INFO - Processed review 2/8 - Sentiment: positive
2025-03-28 12:31:05,266 - opinion_mining - INFO - Processed review 3/8 - Sentiment: negative
2025-03-28 12:31:05,277 - opinion_mining - INFO - Processed review 4/8 - Sentiment: positive
2025-03-28 12:31:05,286 - opinion_mining - INFO - Processed review 5/8 - Sentiment: positive
2025-03-28 12:31:05,298 - opinion_mining - INFO - Processed review 6/8 - Sentiment: negative
2025-03-28 12:31:05,309 - opinion_mining - INFO - Processed review 7/8 - Sentiment: positive
2025-03-28 12:31:05,318 - opinion_mining - INFO - Processed review 8/8 - Sentiment: negative
2025-03-28 12:31:05,318 - opinion_mining - INFO - Successfully processed all reviews
2025-03-28 12:31:24,529 - opinion_mining - INFO - Received request - URL: https://www.flipkart.com/apple-iphone-16-black-128-gb/p/itmb07d67f995271?pid=MOBH4DQFG8NKFRDY&lid=LSTMOBH4DQFG8NKFRDYKOOGZ6&marketplace=FLIPKART&q=apple+mobiles&store=tyy%2F4io&spotlightTagId=default_BestsellerId_tyy%2F4io&srno=s_1_5&otracker=AS_QueryStore_OrganicAutoSuggest_1_7_na_na_na&otracker1=AS_QueryStore_OrganicAutoSuggest_1_7_na_na_na&fm=search-autosuggest&iid=0dc43dc2-0aef-48ac-b32d-9a73555b6d53.MOBH4DQFG8NKFRDY.SEARCH&ppt=sp&ppn=sp&ssid=kus0tvt3740000001743144883871&qH=cb603b9543d774e1, Text: ...
2025-03-28 12:31:24,910 - opinion_mining - INFO - Collecting reviews from URL: https://www.flipkart.com/apple-iphone-16-black-128-gb/p/itmb07d67f995271?pid=MOBH4DQFG8NKFRDY&lid=LSTMOBH4DQFG8NKFRDYKOOGZ6&marketplace=FLIPKART&q=apple+mobiles&store=tyy%2F4io&spotlightTagId=default_BestsellerId_tyy%2F4io&srno=s_1_5&otracker=AS_QueryStore_OrganicAutoSuggest_1_7_na_na_na&otracker1=AS_QueryStore_OrganicAutoSuggest_1_7_na_na_na&fm=search-autosuggest&iid=0dc43dc2-0aef-48ac-b32d-9a73555b6d53.MOBH4DQFG8NKFRDY.SEARCH&ppt=sp&ppn=sp&ssid=kus0tvt3740000001743144883871&qH=cb603b9543d774e1
2025-03-28 12:31:24,910 - opinion_mining - INFO - Using sample data for category: electronics
2025-03-28 12:31:24,910 - opinion_mining - INFO - Collected 8 reviews
2025-03-28 12:31:24,924 - opinion_mining - INFO - Processed review 1/8 - Sentiment: positive
2025-03-28 12:31:24,936 - opinion_mining - INFO - Processed review 2/8 - Sentiment: negative
2025-03-28 12:31:24,948 - opinion_mining - INFO - Processed review 3/8 - Sentiment: negative
2025-03-28 12:31:24,959 - opinion_mining - INFO - Processed review 4/8 - Sentiment: positive
2025-03-28 12:31:24,970 - opinion_mining - INFO - Processed review 5/8 - Sentiment: negative
2025-03-28 12:31:24,982 - opinion_mining - INFO - Processed review 6/8 - Sentiment: negative
2025-03-28 12:31:24,993 - opinion_mining - INFO - Processed review 7/8 - Sentiment: positive
2025-03-28 12:31:25,005 - opinion_mining - INFO - Processed review 8/8 - Sentiment: positive
2025-03-28 12:31:25,005 - opinion_mining - INFO - Successfully processed all reviews
2025-03-28 12:31:39,426 - opinion_mining - INFO - Received request - URL: https://www.flipkart.com/oneplus-buds-3-tws-ear-earbuds-sliding-volume-control-49db-anc-bluetooth-gaming/p/itm3f89e2c2d7b10?pid=ACCGWVFAJHJAGHYG&lid=LSTACCGWVFAJHJAGHYGSOFNDN&marketplace=FLIPKART&q=oneplus%20buds3&sattr[]=color&st=color, Text: ...
2025-03-28 12:31:39,836 - opinion_mining - INFO - Collecting reviews from URL: https://www.flipkart.com/oneplus-buds-3-tws-ear-earbuds-sliding-volume-control-49db-anc-bluetooth-gaming/p/itm3f89e2c2d7b10?pid=ACCGWVFAJHJAGHYG&lid=LSTACCGWVFAJHJAGHYGSOFNDN&marketplace=FLIPKART&q=oneplus%20buds3&sattr[]=color&st=color
2025-03-28 12:31:39,836 - opinion_mining - INFO - Using sample data for category: default
2025-03-28 12:31:39,836 - opinion_mining - INFO - Collected 8 reviews
2025-03-28 12:31:39,849 - opinion_mining - INFO - Processed review 1/8 - Sentiment: positive
2025-03-28 12:31:39,859 - opinion_mining - INFO - Processed review 2/8 - Sentiment: positive
2025-03-28 12:31:39,868 - opinion_mining - INFO - Processed review 3/8 - Sentiment: negative
2025-03-28 12:31:39,879 - opinion_mining - INFO - Processed review 4/8 - Sentiment: positive
2025-03-28 12:31:39,888 - opinion_mining - INFO - Processed review 5/8 - Sentiment: positive
2025-03-28 12:31:39,900 - opinion_mining - INFO - Processed review 6/8 - Sentiment: negative
2025-03-28 12:31:39,911 - opinion_mining - INFO - Processed review 7/8 - Sentiment: positive
2025-03-28 12:31:39,920 - opinion_mining - INFO - Processed review 8/8 - Sentiment: negative
2025-03-28 12:31:39,920 - opinion_mining - INFO - Successfully processed all reviews
