2025-03-20 15:03:45,217 - opinion_mining - INFO - Starting review collection...
2025-03-20 15:03:45,217 - opinion_mining - INFO - Starting review collection...
2025-03-20 15:03:45,217 - opinion_mining - INFO - Starting review collection...
2025-03-20 15:03:45,217 - opinion_mining - INFO - Starting review collection...
2025-03-20 15:03:47,046 - opinion_mining - ERROR - Error scraping Amazon page 1: Invalid URL 'None/ref=cm_cr_arp_d_paging_btm_next_1?ie=UTF8&reviewerType=all_reviews&pageNumber=1': No scheme supplied. Perhaps you meant https://None/ref=cm_cr_arp_d_paging_btm_next_1?ie=UTF8&reviewerType=all_reviews&pageNumber=1?
2025-03-20 15:03:47,046 - opinion_mining - ERROR - Error scraping Amazon page 1: Invalid URL 'None/ref=cm_cr_arp_d_paging_btm_next_1?ie=UTF8&reviewerType=all_reviews&pageNumber=1': No scheme supplied. Perhaps you meant https://None/ref=cm_cr_arp_d_paging_btm_next_1?ie=UTF8&reviewerType=all_reviews&pageNumber=1?
2025-03-20 15:03:47,046 - opinion_mining - ERROR - Error scraping Amazon page 1: Invalid URL 'None/ref=cm_cr_arp_d_paging_btm_next_1?ie=UTF8&reviewerType=all_reviews&pageNumber=1': No scheme supplied. Perhaps you meant https://None/ref=cm_cr_arp_d_paging_btm_next_1?ie=UTF8&reviewerType=all_reviews&pageNumber=1?
2025-03-20 15:03:47,046 - opinion_mining - ERROR - Error scraping Amazon page 1: Invalid URL 'None/ref=cm_cr_arp_d_paging_btm_next_1?ie=UTF8&reviewerType=all_reviews&pageNumber=1': No scheme supplied. Perhaps you meant https://None/ref=cm_cr_arp_d_paging_btm_next_1?ie=UTF8&reviewerType=all_reviews&pageNumber=1?
2025-03-20 15:03:47,048 - opinion_mining - INFO - Preprocessing reviews...
2025-03-20 15:03:47,048 - opinion_mining - INFO - Preprocessing reviews...
2025-03-20 15:03:47,048 - opinion_mining - INFO - Preprocessing reviews...
2025-03-20 15:03:47,048 - opinion_mining - INFO - Preprocessing reviews...
2025-03-20 15:03:47,048 - opinion_mining - INFO - Analyzing sentiment...
2025-03-20 15:03:47,048 - opinion_mining - INFO - Analyzing sentiment...
2025-03-20 15:03:47,048 - opinion_mining - INFO - Analyzing sentiment...
2025-03-20 15:03:47,048 - opinion_mining - INFO - Analyzing sentiment...
2025-03-20 15:03:47,049 - opinion_mining - INFO - Analysis complete!
2025-03-20 15:03:47,049 - opinion_mining - INFO - Analysis complete!
2025-03-20 15:03:47,049 - opinion_mining - INFO - Analysis complete!
2025-03-20 15:03:47,049 - opinion_mining - INFO - Analysis complete!
2025-03-20 15:04:26,340 - opinion_mining - INFO - Starting review collection...
2025-03-20 15:04:26,340 - opinion_mining - INFO - Starting review collection...
2025-03-20 15:04:26,340 - opinion_mining - INFO - Starting review collection...
2025-03-20 15:04:26,340 - opinion_mining - INFO - Starting review collection...
2025-03-20 15:04:30,640 - opinion_mining - WARNING - No reviews were collected. Please check the product URL and try again.
2025-03-20 15:04:30,640 - opinion_mining - WARNING - No reviews were collected. Please check the product URL and try again.
2025-03-20 15:04:30,640 - opinion_mining - WARNING - No reviews were collected. Please check the product URL and try again.
2025-03-20 15:04:30,640 - opinion_mining - WARNING - No reviews were collected. Please check the product URL and try again.
2025-03-20 15:05:14,174 - opinion_mining - INFO - Starting review collection...
2025-03-20 15:05:14,174 - opinion_mining - INFO - Starting review collection...
2025-03-20 15:05:14,174 - opinion_mining - INFO - Starting review collection...
2025-03-20 15:05:14,174 - opinion_mining - INFO - Starting review collection...
2025-03-20 15:05:17,392 - opinion_mining - WARNING - No reviews were collected. Please check the product URL and try again.
2025-03-20 15:05:17,392 - opinion_mining - WARNING - No reviews were collected. Please check the product URL and try again.
2025-03-20 15:05:17,392 - opinion_mining - WARNING - No reviews were collected. Please check the product URL and try again.
2025-03-20 15:05:17,392 - opinion_mining - WARNING - No reviews were collected. Please check the product URL and try again.
2025-03-20 15:06:09,276 - opinion_mining - INFO - Starting review collection...
2025-03-20 15:06:09,276 - opinion_mining - INFO - Starting review collection...
2025-03-20 15:06:09,276 - opinion_mining - INFO - Starting review collection...
2025-03-20 15:06:09,276 - opinion_mining - INFO - Starting review collection...
2025-03-20 15:06:09,277 - opinion_mining - INFO - Using sample reviews for testing. Total reviews: 5
2025-03-20 15:06:09,277 - opinion_mining - INFO - Using sample reviews for testing. Total reviews: 5
2025-03-20 15:06:09,277 - opinion_mining - INFO - Using sample reviews for testing. Total reviews: 5
2025-03-20 15:06:09,277 - opinion_mining - INFO - Using sample reviews for testing. Total reviews: 5
2025-03-20 15:06:09,277 - opinion_mining - INFO - Successfully collected 5 reviews
2025-03-20 15:06:09,277 - opinion_mining - INFO - Successfully collected 5 reviews
2025-03-20 15:06:09,277 - opinion_mining - INFO - Successfully collected 5 reviews
2025-03-20 15:06:09,277 - opinion_mining - INFO - Successfully collected 5 reviews
2025-03-20 15:06:09,277 - opinion_mining - INFO - Preprocessing reviews...
2025-03-20 15:06:09,277 - opinion_mining - INFO - Preprocessing reviews...
2025-03-20 15:06:09,277 - opinion_mining - INFO - Preprocessing reviews...
2025-03-20 15:06:09,277 - opinion_mining - INFO - Preprocessing reviews...
2025-03-20 15:06:10,625 - opinion_mining - INFO - Analyzing sentiment...
2025-03-20 15:06:10,625 - opinion_mining - INFO - Analyzing sentiment...
2025-03-20 15:06:10,625 - opinion_mining - INFO - Analyzing sentiment...
2025-03-20 15:06:10,625 - opinion_mining - INFO - Analyzing sentiment...
2025-03-20 15:06:12,940 - opinion_mining - INFO - Analysis complete! Results:
2025-03-20 15:06:12,940 - opinion_mining - INFO - Analysis complete! Results:
2025-03-20 15:06:12,940 - opinion_mining - INFO - Analysis complete! Results:
2025-03-20 15:06:12,940 - opinion_mining - INFO - Analysis complete! Results:
2025-03-20 15:06:12,940 - opinion_mining - INFO - Positive reviews: 5
2025-03-20 15:06:12,940 - opinion_mining - INFO - Positive reviews: 5
2025-03-20 15:06:12,940 - opinion_mining - INFO - Positive reviews: 5
2025-03-20 15:06:12,940 - opinion_mining - INFO - Positive reviews: 5
2025-03-20 15:06:12,940 - opinion_mining - INFO - Negative reviews: 0
2025-03-20 15:06:12,940 - opinion_mining - INFO - Negative reviews: 0
2025-03-20 15:06:12,940 - opinion_mining - INFO - Negative reviews: 0
2025-03-20 15:06:12,940 - opinion_mining - INFO - Negative reviews: 0
2025-03-20 15:06:12,940 - opinion_mining - INFO - Neutral reviews: 0
2025-03-20 15:06:12,940 - opinion_mining - INFO - Neutral reviews: 0
2025-03-20 15:06:12,940 - opinion_mining - INFO - Neutral reviews: 0
2025-03-20 15:06:12,940 - opinion_mining - INFO - Neutral reviews: 0
2025-03-20 15:07:53,868 - opinion_mining - INFO - Starting review collection...
2025-03-20 15:07:53,868 - opinion_mining - INFO - Using sample reviews for testing. Total reviews: 5
2025-03-20 15:07:53,868 - opinion_mining - INFO - Successfully collected 5 reviews
2025-03-20 15:07:53,869 - opinion_mining - INFO - Preprocessing reviews...
2025-03-20 15:07:55,259 - opinion_mining - INFO - Analyzing sentiment...
2025-03-20 15:07:55,480 - opinion_mining - INFO - Analysis complete! Results:
2025-03-20 15:07:55,480 - opinion_mining - INFO - Positive reviews: 3
2025-03-20 15:07:55,480 - opinion_mining - INFO - Negative reviews: 1
2025-03-20 15:07:55,480 - opinion_mining - INFO - Neutral reviews: 1
2025-03-20 15:15:30,917 - opinion_mining - INFO - Using sample reviews for testing. Total reviews: 5
2025-03-20 15:16:53,232 - opinion_mining - INFO - Using sample reviews for testing. Total reviews: 5
